<?xml version="1.0" encoding="UTF-8"?>
<!-- Generated by org.testng.reporters.JUnitReportReporter -->
<testsuite name="StrSubStringTest" tests="1" time="0.000" ignored="0" failures="0" timestamp="11 八月 2019 14:36:26 GMT" skipped="0" hostname="zlennon" errors="0">
  <testcase name="run" time="0.000" classname="StrSubStringTest"/>
</testsuite> <!-- StrSubStringTest -->
