<?xml version="1.0" encoding="UTF-8"?>
<!-- Generated by org.testng.reporters.JUnitReportReporter -->
<testsuite name="ListConvet" tests="1" time="0.022" ignored="0" failures="0" timestamp="11 八月 2019 15:11:23 GMT" skipped="0" hostname="zlennon" errors="0">
  <testcase name="test" time="0.022" classname="ListConvet"/>
</testsuite> <!-- ListConvet -->
