<?xml version="1.0" encoding="UTF-8"?>
<!-- Generated by org.testng.reporters.JUnitReportReporter -->
<testsuite name="SearchTest" tests="1" time="0.003" ignored="0" failures="0" timestamp="11 八月 2019 14:36:26 GMT" skipped="0" hostname="zlennon" errors="0">
  <testcase name="testBinarySearch" time="0.003" classname="SearchTest"/>
</testsuite> <!-- SearchTest -->
