<?xml version="1.0" encoding="UTF-8"?>
<!-- Generated by org.testng.reporters.JUnitReportReporter -->
<testsuite hostname="zlennon" failures="0" tests="2" name="IntegerReverseTest" time="0.343" errors="0" timestamp="2020-02-23T14:25:30 CST" skipped="0">
  <testcase classname="IntegerReverseTest" name="testStringReverse" time="0.006"/>
  <testcase classname="IntegerReverseTest" name="testReverse" time="0.337"/>
</testsuite> <!-- IntegerReverseTest -->
